<?xml version="1.0" encoding="UTF-8"?>
<!-- Generated by org.testng.reporters.JUnitReportReporter -->
<testsuite hostname="LAPTOP-HP4VRMA2" failures="0" tests="1" name="testCases.TestExecute1" time="54.609" errors="0" timestamp="2024-10-02T22:07:52 BDT" skipped="0">
  <testcase classname="testCases.TestExecute1" name="verify_account_registration" time="54.609"/>
</testsuite> <!-- testCases.TestExecute1 -->
