<?xml version="1.0" encoding="UTF-8"?>
<!-- Generated by org.testng.reporters.JUnitReportReporter -->
<testsuite hostname="LAPTOP-HP4VRMA2" failures="0" tests="3" name="selenium_1.TestLogin" time="13.954" errors="0" timestamp="2024-10-02T17:25:00 BDT" skipped="0">
  <testcase classname="selenium_1.TestLogin" name="testLogin" time="6.362"/>
  <testcase classname="selenium_1.TestLogin" name="testLogin" time="3.434"/>
  <testcase classname="selenium_1.TestLogin" name="testLogin" time="4.158"/>
</testsuite> <!-- selenium_1.TestLogin -->
