<?xml version="1.0" encoding="UTF-8"?>
<!-- Generated by org.testng.reporters.JUnitReportReporter -->
<testsuite hostname="LAPTOP-HP4VRMA2" failures="0" tests="3" name="selenium_1.TestLogin" time="17.974" errors="0" timestamp="2024-10-02T20:49:35 BDT" skipped="0">
  <testcase classname="selenium_1.TestLogin" name="testLogin" time="4.129"/>
  <testcase classname="selenium_1.TestLogin" name="testLogin" time="9.578"/>
  <testcase classname="selenium_1.TestLogin" name="testLogin" time="4.267"/>
</testsuite> <!-- selenium_1.TestLogin -->
