<?xml version="1.0" encoding="UTF-8"?>
<!-- Generated by org.testng.reporters.JUnitReportReporter -->
<testsuite hostname="LAPTOP-HP4VRMA2" failures="0" tests="3" name="selenium_1.TestLogin" time="15.631" errors="0" timestamp="2024-10-02T17:50:04 BDT" skipped="0">
  <testcase classname="selenium_1.TestLogin" name="testLogin" time="4.054"/>
  <testcase classname="selenium_1.TestLogin" name="testLogin" time="5.186"/>
  <testcase classname="selenium_1.TestLogin" name="testLogin" time="6.391"/>
</testsuite> <!-- selenium_1.TestLogin -->
